#
# There is insufficient memory for the Java Runtime Environment to continue.
# Native memory allocation (malloc) failed to allocate 1724976 bytes for Chunk::new
# Possible reasons:
#   The system is out of physical RAM or swap space
#   In 32 bit mode, the process size limit was hit
# Possible solutions:
#   Reduce memory load on the system
#   Increase physical memory or swap space
#   Check if swap backing store is full
#   Use 64 bit Java on a 64 bit OS
#   Decrease Java heap size (-Xmx/-Xms)
#   Decrease number of Java threads
#   Decrease Java thread stack sizes (-Xss)
#   Set larger code cache with -XX:ReservedCodeCacheSize=
# This output file may be truncated or incomplete.
#
#  Out of Memory Error (allocation.cpp:390), pid=17372, tid=0x00000000000026e0
#
# JRE version: OpenJDK Runtime Environment (8.0_152-b01) (build 1.8.0_152-release-915-b01)
# Java VM: OpenJDK 64-Bit Server VM (25.152-b01 mixed mode windows-amd64 compressed oops)
# Failed to write core dump. Minidumps are not enabled by default on client versions of Windows
#

---------------  T H R E A D  ---------------

Current thread (0x00000000183ad000):  JavaThread "C2 CompilerThread0" daemon [_thread_in_native, id=9952, stack(0x0000000019b10000,0x0000000019c10000)]

Stack: [0x0000000019b10000,0x0000000019c10000]
[error occurred during error reporting (printing stack bounds), id 0xc0000005]

Native frames: (J=compiled Java code, j=interpreted, Vv=VM code, C=native code)


Current CompileTask:
C2:  42577 8462   !   4       org.gradle.api.internal.artifacts.transform.DefaultVariantTransformRegistration::transform (43 bytes)


---------------  P R O C E S S  ---------------

Java Threads: ( => current thread )
  0x000000001f113800 JavaThread "Memory manager" [_thread_blocked, id=16500, stack(0x0000000022b30000,0x0000000022c30000)]
  0x000000001f112800 JavaThread "build operations Thread 4" [_thread_blocked, id=10952, stack(0x0000000022430000,0x0000000022530000)]
  0x000000001f112000 JavaThread "build operations Thread 3" [_thread_blocked, id=15232, stack(0x0000000022330000,0x0000000022430000)]
  0x000000001f114000 JavaThread "build operations Thread 2" [_thread_blocked, id=15008, stack(0x0000000022230000,0x0000000022330000)]
  0x000000001f115000 JavaThread "build operations" [_thread_blocked, id=17316, stack(0x00000000206e0000,0x00000000207e0000)]
  0x000000001f117000 JavaThread "Cache worker for Artifact transforms cache (C:\Users\PC\.gradle\caches\transforms-1)" [_thread_blocked, id=4024, stack(0x00000000204e0000,0x00000000205e0000)]
  0x000000001a664800 JavaThread "Cache worker for file hash cache (E:\Android\Happy Driver\HappyRider\.gradle\4.1\fileHashes)" [_thread_blocked, id=7744, stack(0x000000001e030000,0x000000001e130000)]
  0x0000000019f47000 JavaThread "File lock request listener" [_thread_in_native, id=2536, stack(0x000000001cd60000,0x000000001ce60000)]
  0x000000001a5b9000 JavaThread "Cache worker for file hash cache (C:\Users\PC\.gradle\caches\4.1\fileHashes)" [_thread_blocked, id=5992, stack(0x000000001cc60000,0x000000001cd60000)]
  0x0000000019fc0000 JavaThread "Stdin handler" [_thread_blocked, id=15992, stack(0x000000001cb60000,0x000000001cc60000)]
  0x000000001a5a9000 JavaThread "Asynchronous log dispatcher for DefaultDaemonConnection: socket connection from /127.0.0.1:58045 to /127.0.0.1:58046" [_thread_blocked, id=12472, stack(0x000000001ca60000,0x000000001cb60000)]
  0x000000001a026800 JavaThread "Daemon worker" [_thread_in_native, id=12124, stack(0x000000001c960000,0x000000001ca60000)]
  0x000000001a023000 JavaThread "Cancel handler" [_thread_blocked, id=2412, stack(0x000000001c860000,0x000000001c960000)]
  0x0000000019f78000 JavaThread "Handler for socket connection from /127.0.0.1:58045 to /127.0.0.1:58046" [_thread_in_native, id=12880, stack(0x000000001c560000,0x000000001c660000)]
  0x000000001a8be000 JavaThread "Daemon" [_thread_blocked, id=15520, stack(0x000000001c460000,0x000000001c560000)]
  0x0000000019e9d800 JavaThread "Daemon periodic checks" [_thread_blocked, id=15488, stack(0x000000001c360000,0x000000001c460000)]
  0x000000001840a000 JavaThread "Incoming local TCP Connector on port 58045" [_thread_in_native, id=15120, stack(0x000000001c120000,0x000000001c220000)]
  0x0000000019e11800 JavaThread "Service Thread" daemon [_thread_blocked, id=8164, stack(0x000000001a210000,0x000000001a310000)]
  0x00000000183b5800 JavaThread "C1 CompilerThread2" daemon [_thread_blocked, id=9348, stack(0x0000000019d10000,0x0000000019e10000)]
  0x00000000183b2800 JavaThread "C2 CompilerThread1" daemon [_thread_in_native, id=904, stack(0x0000000019c10000,0x0000000019d10000)]
=>0x00000000183ad000 JavaThread "C2 CompilerThread0" daemon [_thread_in_native, id=9952, stack(0x0000000019b10000,0x0000000019c10000)]
  0x00000000183ab800 JavaThread "Attach Listener" daemon [_thread_blocked, id=9964, stack(0x0000000019a10000,0x0000000019b10000)]
  0x00000000183aa000 JavaThread "Signal Dispatcher" daemon [_thread_blocked, id=892, stack(0x0000000019910000,0x0000000019a10000)]
  0x0000000004a37800 JavaThread "Finalizer" daemon [_thread_blocked, id=3244, stack(0x0000000019620000,0x0000000019720000)]
  0x0000000004a32000 JavaThread "Reference Handler" daemon [_thread_blocked, id=8496, stack(0x0000000019520000,0x0000000019620000)]
  0x00000000047be000 JavaThread "main" [_thread_blocked, id=8336, stack(0x0000000004840000,0x0000000004940000)]

Other Threads:
  0x0000000018375800 VMThread [stack: 0x0000000019420000,0x0000000019520000] [id=10452]
  0x0000000019e14000 WatcherThread [stack: 0x000000001a310000,0x000000001a410000] [id=11352]

VM state:not at safepoint (normal execution)

VM Mutex/Monitor currently owned by a thread: None

Heap:
 PSYoungGen      total 196608K, used 54901K [0x00000000e0000000, 0x00000000edf00000, 0x0000000100000000)
  eden space 174592K, 18% used [0x00000000e0000000,0x00000000e201df48,0x00000000eaa80000)
  from space 22016K, 99% used [0x00000000eaa80000,0x00000000ebfff4e0,0x00000000ec000000)
  to   space 16384K, 0% used [0x00000000ec000000,0x00000000ec000000,0x00000000ed000000)
 ParOldGen       total 96768K, used 38964K [0x00000000a0000000, 0x00000000a5e80000, 0x00000000e0000000)
  object space 96768K, 40% used [0x00000000a0000000,0x00000000a260d348,0x00000000a5e80000)
 Metaspace       used 56518K, capacity 58600K, committed 58752K, reserved 1099776K
  class space    used 7700K, capacity 8278K, committed 8320K, reserved 1048576K

Card table byte_map: [0x0000000013e00000,0x0000000014110000] byte_map_base: 0x0000000013900000

Marking Bits: (ParMarkBitMap*) 0x000000006bf43950
 Begin Bits: [0x0000000014710000, 0x0000000015f10000)
 End Bits:   [0x0000000015f10000, 0x0000000017710000)

Polling page: 0x00000000007f0000

CodeCache: size=245760Kb used=26128Kb max_used=26408Kb free=219631Kb
 bounds [0x0000000004a40000, 0x0000000006430000, 0x0000000013a40000]
 total_blobs=8269 nmethods=7510 adapters=671
 compilation: enabled

Compilation events (10 events):
Event: 42.026 Thread 0x00000000183b5800 8467       3       java.math.MutableBigInteger::primitiveLeftShift (89 bytes)
Event: 42.027 Thread 0x00000000183b5800 nmethod 8467 0x000000000641e150 code [0x000000000641e2c0, 0x000000000641e570]
Event: 42.027 Thread 0x00000000183b5800 8468       1       org.gradle.StartParameter::isOffline (5 bytes)
Event: 42.027 Thread 0x00000000183b5800 nmethod 8468 0x000000000641de90 code [0x000000000641dfe0, 0x000000000641e0f0]
Event: 42.028 Thread 0x00000000183b5800 8469       1       org.gradle.internal.component.model.LocalComponentDependencyMetadata::getModuleConfiguration (5 bytes)
Event: 42.028 Thread 0x00000000183b5800 nmethod 8469 0x000000000641dbd0 code [0x000000000641dd20, 0x000000000641de30]
Event: 42.032 Thread 0x00000000183b5800 8471       3       org.gradle.api.internal.artifacts.ivyservice.resolutionstrategy.DefaultComponentSelectionRules::getRules (18 bytes)
Event: 42.033 Thread 0x00000000183b5800 nmethod 8471 0x000000000641d790 code [0x000000000641d900, 0x000000000641db10]
Event: 42.035 Thread 0x00000000183b5800 8472       3       org.gradle.internal.component.local.model.DslOriginDependencyMetadataWrapper::getSelector (10 bytes)
Event: 42.035 Thread 0x00000000183b5800 nmethod 8472 0x0000000004b69c90 code [0x0000000004b69e00, 0x0000000004b6a028]

GC Heap History (10 events):
Event: 20.067 GC heap before
{Heap before GC invocations=9 (full 2):
 PSYoungGen      total 108544K, used 10554K [0x00000000e0000000, 0x00000000ea400000, 0x0000000100000000)
  eden space 97280K, 0% used [0x00000000e0000000,0x00000000e0000000,0x00000000e5f00000)
  from space 11264K, 93% used [0x00000000e5f00000,0x00000000e694eb68,0x00000000e6a00000)
  to   space 12288K, 0% used [0x00000000e9800000,0x00000000e9800000,0x00000000ea400000)
 ParOldGen       total 62976K, used 10618K [0x00000000a0000000, 0x00000000a3d80000, 0x00000000e0000000)
  object space 62976K, 16% used [0x00000000a0000000,0x00000000a0a5e8c0,0x00000000a3d80000)
 Metaspace       used 34556K, capacity 35304K, committed 35416K, reserved 1079296K
  class space    used 4715K, capacity 5034K, committed 5120K, reserved 1048576K
Event: 20.200 GC heap after
Heap after GC invocations=9 (full 2):
 PSYoungGen      total 108544K, used 0K [0x00000000e0000000, 0x00000000ea400000, 0x0000000100000000)
  eden space 97280K, 0% used [0x00000000e0000000,0x00000000e0000000,0x00000000e5f00000)
  from space 11264K, 0% used [0x00000000e5f00000,0x00000000e5f00000,0x00000000e6a00000)
  to   space 12288K, 0% used [0x00000000e9800000,0x00000000e9800000,0x00000000ea400000)
 ParOldGen       total 96768K, used 16594K [0x00000000a0000000, 0x00000000a5e80000, 0x00000000e0000000)
  object space 96768K, 17% used [0x00000000a0000000,0x00000000a1034a48,0x00000000a5e80000)
 Metaspace       used 34556K, capacity 35304K, committed 35416K, reserved 1079296K
  class space    used 4715K, capacity 5034K, committed 5120K, reserved 1048576K
}
Event: 22.711 GC heap before
{Heap before GC invocations=10 (full 2):
 PSYoungGen      total 108544K, used 97280K [0x00000000e0000000, 0x00000000ea400000, 0x0000000100000000)
  eden space 97280K, 100% used [0x00000000e0000000,0x00000000e5f00000,0x00000000e5f00000)
  from space 11264K, 0% used [0x00000000e5f00000,0x00000000e5f00000,0x00000000e6a00000)
  to   space 12288K, 0% used [0x00000000e9800000,0x00000000e9800000,0x00000000ea400000)
 ParOldGen       total 96768K, used 16594K [0x00000000a0000000, 0x00000000a5e80000, 0x00000000e0000000)
  object space 96768K, 17% used [0x00000000a0000000,0x00000000a1034a48,0x00000000a5e80000)
 Metaspace       used 41757K, capacity 42580K, committed 42880K, reserved 1085440K
  class space    used 5585K, capacity 5911K, committed 6016K, reserved 1048576K
Event: 22.745 GC heap after
Heap after GC invocations=10 (full 2):
 PSYoungGen      total 154624K, used 10852K [0x00000000e0000000, 0x00000000ea500000, 0x0000000100000000)
  eden space 142336K, 0% used [0x00000000e0000000,0x00000000e0000000,0x00000000e8b00000)
  from space 12288K, 88% used [0x00000000e9800000,0x00000000ea299188,0x00000000ea400000)
  to   space 13312K, 0% used [0x00000000e8b00000,0x00000000e8b00000,0x00000000e9800000)
 ParOldGen       total 96768K, used 16602K [0x00000000a0000000, 0x00000000a5e80000, 0x00000000e0000000)
  object space 96768K, 17% used [0x00000000a0000000,0x00000000a1036a48,0x00000000a5e80000)
 Metaspace       used 41757K, capacity 42580K, committed 42880K, reserved 1085440K
  class space    used 5585K, capacity 5911K, committed 6016K, reserved 1048576K
}
Event: 26.100 GC heap before
{Heap before GC invocations=11 (full 2):
 PSYoungGen      total 154624K, used 153188K [0x00000000e0000000, 0x00000000ea500000, 0x0000000100000000)
  eden space 142336K, 100% used [0x00000000e0000000,0x00000000e8b00000,0x00000000e8b00000)
  from space 12288K, 88% used [0x00000000e9800000,0x00000000ea299188,0x00000000ea400000)
  to   space 13312K, 0% used [0x00000000e8b00000,0x00000000e8b00000,0x00000000e9800000)
 ParOldGen       total 96768K, used 16602K [0x00000000a0000000, 0x00000000a5e80000, 0x00000000e0000000)
  object space 96768K, 17% used [0x00000000a0000000,0x00000000a1036a88,0x00000000a5e80000)
 Metaspace       used 48924K, capacity 50112K, committed 50304K, reserved 1093632K
  class space    used 6525K, capacity 6944K, committed 7040K, reserved 1048576K
Event: 26.132 GC heap after
Heap after GC invocations=11 (full 2):
 PSYoungGen      total 155648K, used 13286K [0x00000000e0000000, 0x00000000ed000000, 0x0000000100000000)
  eden space 142336K, 0% used [0x00000000e0000000,0x00000000e0000000,0x00000000e8b00000)
  from space 13312K, 99% used [0x00000000e8b00000,0x00000000e97f9840,0x00000000e9800000)
  to   space 16384K, 0% used [0x00000000ec000000,0x00000000ec000000,0x00000000ed000000)
 ParOldGen       total 96768K, used 20238K [0x00000000a0000000, 0x00000000a5e80000, 0x00000000e0000000)
  object space 96768K, 20% used [0x00000000a0000000,0x00000000a13c3b48,0x00000000a5e80000)
 Metaspace       used 48924K, capacity 50112K, committed 50304K, reserved 1093632K
  class space    used 6525K, capacity 6944K, committed 7040K, reserved 1048576K
}
Event: 29.038 GC heap before
{Heap before GC invocations=12 (full 2):
 PSYoungGen      total 155648K, used 155622K [0x00000000e0000000, 0x00000000ed000000, 0x0000000100000000)
  eden space 142336K, 100% used [0x00000000e0000000,0x00000000e8b00000,0x00000000e8b00000)
  from space 13312K, 99% used [0x00000000e8b00000,0x00000000e97f9840,0x00000000e9800000)
  to   space 16384K, 0% used [0x00000000ec000000,0x00000000ec000000,0x00000000ed000000)
 ParOldGen       total 96768K, used 20245K [0x00000000a0000000, 0x00000000a5e80000, 0x00000000e0000000)
  object space 96768K, 20% used [0x00000000a0000000,0x00000000a13c57f8,0x00000000a5e80000)
 Metaspace       used 54214K, capacity 56020K, committed 56064K, reserved 1097728K
  class space    used 7389K, capacity 7907K, committed 7936K, reserved 1048576K
Event: 29.102 GC heap after
Heap after GC invocations=12 (full 2):
 PSYoungGen      total 190976K, used 16381K [0x00000000e0000000, 0x00000000edf00000, 0x0000000100000000)
  eden space 174592K, 0% used [0x00000000e0000000,0x00000000e0000000,0x00000000eaa80000)
  from space 16384K, 99% used [0x00000000ec000000,0x00000000ecfff4e0,0x00000000ed000000)
  to   space 22016K, 0% used [0x00000000eaa80000,0x00000000eaa80000,0x00000000ec000000)
 ParOldGen       total 96768K, used 30744K [0x00000000a0000000, 0x00000000a5e80000, 0x00000000e0000000)
  object space 96768K, 31% used [0x00000000a0000000,0x00000000a1e06208,0x00000000a5e80000)
 Metaspace       used 54214K, capacity 56020K, committed 56064K, reserved 1097728K
  class space    used 7389K, capacity 7907K, committed 7936K, reserved 1048576K
}
Event: 37.522 GC heap before
{Heap before GC invocations=13 (full 2):
 PSYoungGen      total 190976K, used 190973K [0x00000000e0000000, 0x00000000edf00000, 0x0000000100000000)
  eden space 174592K, 100% used [0x00000000e0000000,0x00000000eaa80000,0x00000000eaa80000)
  from space 16384K, 99% used [0x00000000ec000000,0x00000000ecfff4e0,0x00000000ed000000)
  to   space 22016K, 0% used [0x00000000eaa80000,0x00000000eaa80000,0x00000000ec000000)
 ParOldGen       total 96768K, used 30744K [0x00000000a0000000, 0x00000000a5e80000, 0x00000000e0000000)
  object space 96768K, 31% used [0x00000000a0000000,0x00000000a1e06208,0x00000000a5e80000)
 Metaspace       used 56450K, capacity 58584K, committed 58752K, reserved 1099776K
  class space    used 7696K, capacity 8276K, committed 8320K, reserved 1048576K
Event: 37.642 GC heap after
Heap after GC invocations=13 (full 2):
 PSYoungGen      total 196608K, used 22013K [0x00000000e0000000, 0x00000000edf00000, 0x0000000100000000)
  eden space 174592K, 0% used [0x00000000e0000000,0x00000000e0000000,0x00000000eaa80000)
  from space 22016K, 99% used [0x00000000eaa80000,0x00000000ebfff4e0,0x00000000ec000000)
  to   space 16384K, 0% used [0x00000000ec000000,0x00000000ec000000,0x00000000ed000000)
 ParOldGen       total 96768K, used 38964K [0x00000000a0000000, 0x00000000a5e80000, 0x00000000e0000000)
  object space 96768K, 40% used [0x00000000a0000000,0x00000000a260d348,0x00000000a5e80000)
 Metaspace       used 56450K, capacity 58584K, committed 58752K, reserved 1099776K
  class space    used 7696K, capacity 8276K, committed 8320K, reserved 1048576K
}

Deoptimization events (10 events):
Event: 35.158 Thread 0x000000001a026800 Uncommon trap: reason=unstable_if action=reinterpret pc=0x0000000004e35424 method=org.gradle.api.internal.attributes.ImmutableAttributes.getAttribute(Lorg/gradle/api/attributes/Attribute;)Ljava/lang/Object; @ 23
Event: 35.263 Thread 0x000000001a026800 Uncommon trap: reason=bimorphic action=maybe_recompile pc=0x00000000064158e0 method=com.google.common.collect.Iterators$5.hasNext()Z @ 24
Event: 35.263 Thread 0x000000001a026800 Uncommon trap: reason=bimorphic action=maybe_recompile pc=0x00000000064158e0 method=com.google.common.collect.Iterators$5.hasNext()Z @ 24
Event: 40.678 Thread 0x000000001f112800 Uncommon trap: reason=unstable_if action=reinterpret pc=0x0000000005d923d0 method=java.util.concurrent.ConcurrentHashMap.get(Ljava/lang/Object;)Ljava/lang/Object; @ 86
Event: 41.075 Thread 0x000000001a026800 Uncommon trap: reason=bimorphic action=maybe_recompile pc=0x00000000064158e0 method=com.google.common.collect.Iterators$5.hasNext()Z @ 24
Event: 41.075 Thread 0x000000001a026800 Uncommon trap: reason=bimorphic action=maybe_recompile pc=0x00000000064158e0 method=com.google.common.collect.Iterators$5.hasNext()Z @ 24
Event: 41.134 Thread 0x000000001a026800 Uncommon trap: reason=class_check action=maybe_recompile pc=0x0000000006424a08 method=com.google.common.collect.Iterators$5.hasNext()Z @ 7
Event: 41.135 Thread 0x000000001a026800 Uncommon trap: reason=class_check action=maybe_recompile pc=0x0000000006424a08 method=com.google.common.collect.Iterators$5.hasNext()Z @ 7
Event: 41.135 Thread 0x000000001a026800 Uncommon trap: reason=class_check action=maybe_recompile pc=0x0000000006424a08 method=com.google.common.collect.Iterators$5.hasNext()Z @ 7
Event: 41.135 Thread 0x000000001a026800 Uncommon trap: reason=class_check action=maybe_recompile pc=0x0000000006424a08 method=com.google.common.collect.Iterators$5.hasNext()Z @ 7

Classes redefined (0 events):
No events

Internal exceptions (10 events):
Event: 29.933 Thread 0x000000001a026800 Exception <a 'java/lang/ClassNotFoundException': com/google/common/collect/AbstractMapBasedMultimap$WrappedCollectionCustomizer> (0x00000000e2d01d68) thrown at [D:\src\AOSP-openjdk-cygwin\jdk8u\hotspot\src\share\vm\classfile\systemDictionary.cpp, line 210
Event: 29.935 Thread 0x000000001a026800 Exception <a 'java/lang/ClassNotFoundException': com/google/common/collect/AbstractMapBasedMultimap$WrappedListCustomizer> (0x00000000e2d284e0) thrown at [D:\src\AOSP-openjdk-cygwin\jdk8u\hotspot\src\share\vm\classfile\systemDictionary.cpp, line 210]
Event: 29.936 Thread 0x000000001a026800 Exception <a 'java/lang/ClassNotFoundException': com/google/common/collect/AbstractMapBasedMultimap$RandomAccessWrappedListCustomizer> (0x00000000e2d4b748) thrown at [D:\src\AOSP-openjdk-cygwin\jdk8u\hotspot\src\share\vm\classfile\systemDictionary.cpp, li
Event: 29.946 Thread 0x000000001a026800 Exception <a 'java/lang/ClassNotFoundException': org/jetbrains/plugins/gradle/model/DefaultExternalLibraryDependencyBeanInfo> (0x00000000e2dc0990) thrown at [D:\src\AOSP-openjdk-cygwin\jdk8u\hotspot\src\share\vm\classfile\systemDictionary.cpp, line 210]
Event: 29.946 Thread 0x000000001a026800 Exception <a 'java/lang/ClassNotFoundException': org/jetbrains/plugins/gradle/model/AbstractExternalDependencyBeanInfo> (0x00000000e2dd0c50) thrown at [D:\src\AOSP-openjdk-cygwin\jdk8u\hotspot\src\share\vm\classfile\systemDictionary.cpp, line 210]
Event: 29.947 Thread 0x000000001a026800 Exception <a 'java/lang/ClassNotFoundException': org/jetbrains/plugins/gradle/model/AbstractExternalDependencyCustomizer> (0x00000000e2de1118) thrown at [D:\src\AOSP-openjdk-cygwin\jdk8u\hotspot\src\share\vm\classfile\systemDictionary.cpp, line 210]
Event: 29.948 Thread 0x000000001a026800 Exception <a 'java/lang/ClassNotFoundException': org/jetbrains/plugins/gradle/model/DefaultExternalLibraryDependencyCustomizer> (0x00000000e2e0e8e0) thrown at [D:\src\AOSP-openjdk-cygwin\jdk8u\hotspot\src\share\vm\classfile\systemDictionary.cpp, line 210]
Event: 29.955 Thread 0x000000001a026800 Exception <a 'java/lang/ClassNotFoundException': org/gradle/api/internal/artifacts/result/DefaultResolvedArtifactResultBeanInfo> (0x00000000e2e8f718) thrown at [D:\src\AOSP-openjdk-cygwin\jdk8u\hotspot\src\share\vm\classfile\systemDictionary.cpp, line 210
Event: 29.956 Thread 0x000000001a026800 Exception <a 'java/lang/ClassNotFoundException': org/gradle/api/internal/artifacts/result/DefaultResolvedArtifactResultCustomizer> (0x00000000e2eba200) thrown at [D:\src\AOSP-openjdk-cygwin\jdk8u\hotspot\src\share\vm\classfile\systemDictionary.cpp, line 2
Event: 41.073 Thread 0x000000001a026800 Exception <a 'java/lang/NoSuchMethodError': java.lang.Object.lambda$negate$1(Ljava/lang/Object;)Z> (0x00000000e14da240) thrown at [D:\src\AOSP-openjdk-cygwin\jdk8u\hotspot\src\share\vm\interpreter\linkResolver.cpp, line 584]

Events (10 events):
Event: 41.135 Thread 0x000000001a026800 DEOPT PACKING pc=0x0000000006424a08 sp=0x000000001ca5b3f0
Event: 41.135 Thread 0x000000001a026800 DEOPT UNPACKING pc=0x0000000004a8556a sp=0x000000001ca5b310 mode 2
Event: 41.135 Thread 0x000000001a026800 Uncommon trap: trap_request=0xffffffde fr.pc=0x0000000006424a08
Event: 41.135 Thread 0x000000001a026800 DEOPT PACKING pc=0x0000000006424a08 sp=0x000000001ca5b3f0
Event: 41.135 Thread 0x000000001a026800 DEOPT UNPACKING pc=0x0000000004a8556a sp=0x000000001ca5b310 mode 2
Event: 41.135 Thread 0x000000001a026800 Uncommon trap: trap_request=0xffffffde fr.pc=0x0000000006424a08
Event: 41.135 Thread 0x000000001a026800 DEOPT PACKING pc=0x0000000006424a08 sp=0x000000001ca5b3f0
Event: 41.135 Thread 0x000000001a026800 DEOPT UNPACKING pc=0x0000000004a8556a sp=0x000000001ca5b310 mode 2
Event: 41.412 loading class com/google/common/hash/MessageDigestHashFunction$1
Event: 41.412 loading class com/google/common/hash/MessageDigestHashFunction$1 done


Dynamic libraries:
0x00007ff7e4d90000 - 0x00007ff7e4dc1000 	E:\Tools\Android\jre\bin\java.exe
0x00007ffc6ff10000 - 0x00007ffc700f0000 	C:\WINDOWS\SYSTEM32\ntdll.dll
0x00007ffc6f770000 - 0x00007ffc6f81e000 	C:\WINDOWS\System32\KERNEL32.DLL
0x00007ffc6c980000 - 0x00007ffc6cbe6000 	C:\WINDOWS\System32\KERNELBASE.dll
0x00007ffc6d650000 - 0x00007ffc6d6f1000 	C:\WINDOWS\System32\ADVAPI32.dll
0x00007ffc6dc80000 - 0x00007ffc6dd1d000 	C:\WINDOWS\System32\msvcrt.dll
0x00007ffc6d720000 - 0x00007ffc6d77b000 	C:\WINDOWS\System32\sechost.dll
0x00007ffc6fc80000 - 0x00007ffc6fd9f000 	C:\WINDOWS\System32\RPCRT4.dll
0x00007ffc6d780000 - 0x00007ffc6d90f000 	C:\WINDOWS\System32\USER32.dll
0x00007ffc6c6e0000 - 0x00007ffc6c700000 	C:\WINDOWS\System32\win32u.dll
0x00007ffc6f540000 - 0x00007ffc6f568000 	C:\WINDOWS\System32\GDI32.dll
0x00007ffc6c370000 - 0x00007ffc6c503000 	C:\WINDOWS\System32\gdi32full.dll
0x00007ffc6cbf0000 - 0x00007ffc6cc8b000 	C:\WINDOWS\System32\msvcp_win.dll
0x00007ffc6c700000 - 0x00007ffc6c7f6000 	C:\WINDOWS\System32\ucrtbase.dll
0x00007ffc5bc00000 - 0x00007ffc5be69000 	C:\WINDOWS\WinSxS\amd64_microsoft.windows.common-controls_6595b64144ccf1df_6.0.16299.371_none_15c7d1789365a290\COMCTL32.dll
0x00007ffc6d910000 - 0x00007ffc6dc18000 	C:\WINDOWS\System32\combase.dll
0x00007ffc6c900000 - 0x00007ffc6c972000 	C:\WINDOWS\System32\bcryptPrimitives.dll
0x00007ffc6fe40000 - 0x00007ffc6fe6d000 	C:\WINDOWS\System32\IMM32.DLL
0x000000006cc60000 - 0x000000006cd32000 	E:\Tools\Android\jre\jre\bin\msvcr100.dll
0x000000006b780000 - 0x000000006bfbe000 	E:\Tools\Android\jre\jre\bin\server\jvm.dll
0x00007ffc6f760000 - 0x00007ffc6f768000 	C:\WINDOWS\System32\PSAPI.DLL
0x00007ffc6b280000 - 0x00007ffc6b289000 	C:\WINDOWS\SYSTEM32\WSOCK32.dll
0x00007ffc6fe70000 - 0x00007ffc6fedc000 	C:\WINDOWS\System32\WS2_32.dll
0x00007ffc5b990000 - 0x00007ffc5b9b3000 	C:\WINDOWS\SYSTEM32\WINMM.dll
0x00007ffc62810000 - 0x00007ffc6281a000 	C:\WINDOWS\SYSTEM32\VERSION.dll
0x00007ffc5b960000 - 0x00007ffc5b98a000 	C:\WINDOWS\SYSTEM32\WINMMBASE.dll
0x00007ffc6c800000 - 0x00007ffc6c84a000 	C:\WINDOWS\System32\cfgmgr32.dll
0x00007ffc67760000 - 0x00007ffc6776f000 	E:\Tools\Android\jre\jre\bin\verify.dll
0x00007ffc49a00000 - 0x00007ffc49a29000 	E:\Tools\Android\jre\jre\bin\java.dll
0x00007ffc63030000 - 0x00007ffc63046000 	E:\Tools\Android\jre\jre\bin\zip.dll
0x00007ffc6e100000 - 0x00007ffc6f536000 	C:\WINDOWS\System32\SHELL32.dll
0x00007ffc6dea0000 - 0x00007ffc6df46000 	C:\WINDOWS\System32\shcore.dll
0x00007ffc6cc90000 - 0x00007ffc6d3d7000 	C:\WINDOWS\System32\windows.storage.dll
0x00007ffc6e0a0000 - 0x00007ffc6e0f1000 	C:\WINDOWS\System32\shlwapi.dll
0x00007ffc6c280000 - 0x00007ffc6c291000 	C:\WINDOWS\System32\kernel.appcore.dll
0x00007ffc6c2a0000 - 0x00007ffc6c2ec000 	C:\WINDOWS\System32\powrprof.dll
0x00007ffc6c2f0000 - 0x00007ffc6c30b000 	C:\WINDOWS\System32\profapi.dll
0x00007ffc5c390000 - 0x00007ffc5c3aa000 	E:\Tools\Android\jre\jre\bin\net.dll
0x00007ffc6ba90000 - 0x00007ffc6baf6000 	C:\WINDOWS\system32\mswsock.dll
0x00007ffc5c370000 - 0x00007ffc5c381000 	E:\Tools\Android\jre\jre\bin\nio.dll
0x00007ffc68270000 - 0x00007ffc6828e000 	C:\Users\PC\.gradle\native\25\windows-amd64\native-platform.dll
0x00007ffc50a20000 - 0x00007ffc50a2d000 	E:\Tools\Android\jre\jre\bin\management.dll
0x00007ffc6bc50000 - 0x00007ffc6bc67000 	C:\WINDOWS\SYSTEM32\CRYPTSP.dll
0x00007ffc6b690000 - 0x00007ffc6b6c3000 	C:\WINDOWS\system32\rsaenh.dll
0x00007ffc6bd60000 - 0x00007ffc6bd85000 	C:\WINDOWS\SYSTEM32\bcrypt.dll
0x00007ffc6c160000 - 0x00007ffc6c189000 	C:\WINDOWS\SYSTEM32\USERENV.dll
0x00007ffc6bc70000 - 0x00007ffc6bc7b000 	C:\WINDOWS\SYSTEM32\CRYPTBASE.dll
0x00007ffc6b820000 - 0x00007ffc6b859000 	C:\WINDOWS\SYSTEM32\IPHLPAPI.DLL
0x00007ffc6fc70000 - 0x00007ffc6fc78000 	C:\WINDOWS\System32\NSI.dll
0x00007ffc653d0000 - 0x00007ffc653e6000 	C:\WINDOWS\SYSTEM32\dhcpcsvc6.DLL
0x00007ffc65280000 - 0x00007ffc6529a000 	C:\WINDOWS\SYSTEM32\dhcpcsvc.DLL

VM Arguments:
jvm_args: -Xmx1536m -Dfile.encoding=windows-1252 -Duser.country=US -Duser.language=en -Duser.variant 
java_command: org.gradle.launcher.daemon.bootstrap.GradleDaemon 4.1
java_class_path (initial): C:\Users\PC\.gradle\wrapper\dists\gradle-4.1-all\bzyivzo6n839fup2jbap0tjew\gradle-4.1\lib\gradle-launcher-4.1.jar
Launcher Type: SUN_STANDARD

Environment Variables:
JAVA_HOME=C:\Program Files\Java\jdk1.8.0_131
PATH=C:\Program Files\Docker\Docker\Resources\bin;C:\ProgramData\Oracle\Java\javapath;C:\WINDOWS\system32;C:\WINDOWS;C:\WINDOWS\System32\Wbem;C:\WINDOWS\System32\WindowsPowerShell\v1.0\;C:\Python27;C:\Program Files\Java\jdk1.8.0_131\bin;C:\Python27\Scripts;C:\Program Files\nodejs\;C:\Program Files\Git\cmd;C:\Program Files\PostgreSQL\9.6\bin;C:\Program Files (x86)\Skype\Phone\;C:\Python36;C:\Python36\Scripts;C:\xampp\php;C:\ProgramData\ComposerSetup\bin;C:\Program Files (x86)\Vim\vim74;C:\xampp\mysql\bin;C:\Program Files (x86)\Microsoft SQL Server\140\Tools\Binn\;C:\Program Files\Microsoft SQL Server\Client SDK\ODBC\130\Tools\Binn\;C:\Program Files\Microsoft SQL Server\140\Tools\Binn\;C:\Program Files\Microsoft SQL Server\140\DTS\Binn\;C:\Program Files\Microsoft SQL Server\130\Tools\Binn\;D:\Tools\MySQL\mysql-5.7.20-winx64\bin;E:\Tools\Sublime text 3\Sublime Text 3;C:\Users\PC\AppData\Local\Android\Sdk;C:\Users\PC\AppData\Local\Android\sdk\platform-tools;C:\Program Files\dotnet\;C:\Program Files (x86)\Microsoft SQL Server\Client SDK\ODBC\130\Tools\Binn\;C:\Program Files (x86)\Microsoft SQL Server\140\DTS\Binn\;C:\Program Files (x86)\Microsoft SQL Server\140\Tools\Binn\ManagementStudio\;C:\Program Files\Apache\apache-maven-3.5.2\bin;C:\Users\PC\AppData\Local\Microsoft\WindowsApps;C:\Users\PC\AppData\Roaming\npm;C:\Program Files\Heroku\bin;C:\Users\PC\AppData\Local\GitHubDesktop\bin;C:\Users\PC\AppData\Roaming\Composer\vendor\bin;C:\Program Files (x86)\Microsoft VS Code\bin;C:\Users\PC\AppData\Local\Microsoft\WindowsApps;
USERNAME=Ha Truong
OS=Windows_NT
PROCESSOR_IDENTIFIER=Intel64 Family 6 Model 61 Stepping 4, GenuineIntel



---------------  S Y S T E M  ---------------

OS: Windows 10.0 , 64 bit Build 16299 (10.0.16299.15)

CPU:total 4 (initial active 4) (2 cores per cpu, 2 threads per core) family 6 model 61 stepping 4, cmov, cx8, fxsr, mmx, sse, sse2, sse3, ssse3, sse4.1, sse4.2, popcnt, avx, avx2, aes, clmul, erms, 3dnowpref, lzcnt, ht, tsc, tscinvbit, bmi1, bmi2, adx

Memory: 4k page, physical 8286316k(733016k free), swap 12480620k(5360k free)

vm_info: OpenJDK 64-Bit Server VM (25.152-b01) for windows-amd64 JRE (1.8.0_152-release-915-b01), built by "builder" with MS VC++ 10.0 (VS2010)

time: Mon Apr 16 09:29:46 2018
elapsed time: 42 seconds (0d 0h 0m 42s)

