#
# There is insufficient memory for the Java Runtime Environment to continue.
# Native memory allocation (malloc) failed to allocate 1251728 bytes for Chunk::new
# Possible reasons:
#   The system is out of physical RAM or swap space
#   In 32 bit mode, the process size limit was hit
# Possible solutions:
#   Reduce memory load on the system
#   Increase physical memory or swap space
#   Check if swap backing store is full
#   Use 64 bit Java on a 64 bit OS
#   Decrease Java heap size (-Xmx/-Xms)
#   Decrease number of Java threads
#   Decrease Java thread stack sizes (-Xss)
#   Set larger code cache with -XX:ReservedCodeCacheSize=
# This output file may be truncated or incomplete.
#
#  Out of Memory Error (allocation.cpp:390), pid=3836, tid=0x000000000000332c
#
# JRE version: OpenJDK Runtime Environment (8.0_152-b01) (build 1.8.0_152-release-915-b01)
# Java VM: OpenJDK 64-Bit Server VM (25.152-b01 mixed mode windows-amd64 compressed oops)
# Failed to write core dump. Minidumps are not enabled by default on client versions of Windows
#

---------------  T H R E A D  ---------------

Current thread (0x00000000182b3000):  JavaThread "C2 CompilerThread1" daemon [_thread_in_native, id=13100, stack(0x0000000019b00000,0x0000000019c00000)]

Stack: [0x0000000019b00000,0x0000000019c00000]
[error occurred during error reporting (printing stack bounds), id 0xc0000005]

Native frames: (J=compiled Java code, j=interpreted, Vv=VM code, C=native code)


Current CompileTask:
C2: 122915 8783   !   4       java.io.ObjectOutputStream::writeObject0 (619 bytes)


---------------  P R O C E S S  ---------------

Java Threads: ( => current thread )
  0x0000000019e67800 JavaThread "Memory manager" [_thread_blocked, id=11064, stack(0x00000000229d0000,0x0000000022ad0000)]
  0x000000001dcef800 JavaThread "build operations Thread 4" [_thread_blocked, id=7324, stack(0x00000000224d0000,0x00000000225d0000)]
  0x000000001dcf4000 JavaThread "build operations Thread 3" [_thread_blocked, id=8456, stack(0x00000000223d0000,0x00000000224d0000)]
  0x000000001dcf3000 JavaThread "build operations Thread 2" [_thread_blocked, id=5772, stack(0x00000000222d0000,0x00000000223d0000)]
  0x000000001dcf1800 JavaThread "build operations" [_thread_blocked, id=11136, stack(0x00000000221d0000,0x00000000222d0000)]
  0x000000001dcf0000 JavaThread "Cache worker for Artifact transforms cache (C:\Users\PC\.gradle\caches\transforms-1)" [_thread_blocked, id=15668, stack(0x0000000020740000,0x0000000020840000)]
  0x000000001af33800 JavaThread "Cache worker for file hash cache (E:\Android\Happy Driver\HappyRider\.gradle\4.1\fileHashes)" [_thread_blocked, id=11000, stack(0x0000000020640000,0x0000000020740000)]
  0x000000001b1ed800 JavaThread "File lock request listener" [_thread_in_native, id=8936, stack(0x000000001cc50000,0x000000001cd50000)]
  0x000000001a6d7800 JavaThread "Cache worker for file hash cache (C:\Users\PC\.gradle\caches\4.1\fileHashes)" [_thread_blocked, id=16048, stack(0x000000001cb50000,0x000000001cc50000)]
  0x000000001a6ac000 JavaThread "Asynchronous log dispatcher for DefaultDaemonConnection: socket connection from /127.0.0.1:57981 to /127.0.0.1:57982" [_thread_blocked, id=13612, stack(0x000000001c950000,0x000000001ca50000)]
  0x000000001ad6a800 JavaThread "Daemon worker" [_thread_in_native, id=14332, stack(0x000000001c850000,0x000000001c950000)]
  0x0000000019ef5000 JavaThread "Cancel handler" [_thread_blocked, id=14196, stack(0x000000001c750000,0x000000001c850000)]
  0x000000001b046000 JavaThread "Handler for socket connection from /127.0.0.1:57981 to /127.0.0.1:57982" [_thread_in_native, id=4580, stack(0x000000001c450000,0x000000001c550000)]
  0x000000001b042800 JavaThread "Daemon" [_thread_blocked, id=13868, stack(0x000000001c350000,0x000000001c450000)]
  0x000000001b302800 JavaThread "Daemon periodic checks" [_thread_blocked, id=3016, stack(0x000000001c250000,0x000000001c350000)]
  0x000000001b994000 JavaThread "Incoming local TCP Connector on port 57981" [_thread_in_native, id=1836, stack(0x000000001c010000,0x000000001c110000)]
  0x0000000019d28800 JavaThread "Service Thread" daemon [_thread_blocked, id=11612, stack(0x000000001a100000,0x000000001a200000)]
  0x00000000182b7800 JavaThread "C1 CompilerThread2" daemon [_thread_blocked, id=17388, stack(0x0000000019c00000,0x0000000019d00000)]
=>0x00000000182b3000 JavaThread "C2 CompilerThread1" daemon [_thread_in_native, id=13100, stack(0x0000000019b00000,0x0000000019c00000)]
  0x00000000182ad800 JavaThread "C2 CompilerThread0" daemon [_thread_in_native, id=16528, stack(0x0000000019a00000,0x0000000019b00000)]
  0x00000000182ab800 JavaThread "Attach Listener" daemon [_thread_blocked, id=9988, stack(0x0000000019900000,0x0000000019a00000)]
  0x00000000182aa800 JavaThread "Signal Dispatcher" daemon [_thread_blocked, id=17288, stack(0x0000000019800000,0x0000000019900000)]
  0x000000000489d000 JavaThread "Finalizer" daemon [_thread_blocked, id=12636, stack(0x0000000019510000,0x0000000019610000)]
  0x0000000004892000 JavaThread "Reference Handler" daemon [_thread_blocked, id=12224, stack(0x0000000019410000,0x0000000019510000)]
  0x000000000493e000 JavaThread "main" [_thread_blocked, id=1224, stack(0x0000000004630000,0x0000000004730000)]

Other Threads:
  0x0000000018275800 VMThread [stack: 0x0000000019310000,0x0000000019410000] [id=16576]
  0x0000000019d2a000 WatcherThread [stack: 0x000000001a200000,0x000000001a300000] [id=13260]

VM state:not at safepoint (normal execution)

VM Mutex/Monitor currently owned by a thread: None

Heap:
 PSYoungGen      total 143872K, used 7926K [0x00000000e0000000, 0x00000000eca80000, 0x0000000100000000)
  eden space 114688K, 6% used [0x00000000e0000000,0x00000000e07bd9c0,0x00000000e7000000)
  from space 29184K, 0% used [0x00000000e7000000,0x00000000e7000000,0x00000000e8c80000)
  to   space 29696K, 0% used [0x00000000ead80000,0x00000000ead80000,0x00000000eca80000)
 ParOldGen       total 129536K, used 51898K [0x00000000a0000000, 0x00000000a7e80000, 0x00000000e0000000)
  object space 129536K, 40% used [0x00000000a0000000,0x00000000a32aeb70,0x00000000a7e80000)
 Metaspace       used 57612K, capacity 60058K, committed 60180K, reserved 1101824K
  class space    used 7843K, capacity 8497K, committed 8508K, reserved 1048576K

Card table byte_map: [0x0000000013d00000,0x0000000014010000] byte_map_base: 0x0000000013800000

Marking Bits: (ParMarkBitMap*) 0x000000006bf43950
 Begin Bits: [0x0000000014610000, 0x0000000015e10000)
 End Bits:   [0x0000000015e10000, 0x0000000017610000)

Polling page: 0x0000000002950000

CodeCache: size=245760Kb used=26639Kb max_used=26639Kb free=219120Kb
 bounds [0x0000000004940000, 0x0000000006370000, 0x0000000013940000]
 total_blobs=8454 nmethods=7672 adapters=694
 compilation: enabled

Compilation events (10 events):
Event: 122.717 Thread 0x00000000182b7800 8807       3       java.util.concurrent.CopyOnWriteArrayList::iterator (14 bytes)
Event: 122.717 Thread 0x00000000182b7800 nmethod 8807 0x0000000006343f50 code [0x00000000063440c0, 0x0000000006344430]
Event: 122.717 Thread 0x00000000182b7800 8808       3       java.util.concurrent.CopyOnWriteArrayList$COWIterator::<init> (7 bytes)
Event: 122.718 Thread 0x00000000182b7800 nmethod 8808 0x000000000633bd50 code [0x000000000633bec0, 0x000000000633c0f0]
Event: 122.718 Thread 0x00000000182b7800 8809       3       java.util.concurrent.CopyOnWriteArrayList$COWIterator::<init> (15 bytes)
Event: 122.718 Thread 0x00000000182b7800 nmethod 8809 0x000000000633b990 code [0x000000000633bae0, 0x000000000633bcb0]
Event: 122.773 Thread 0x00000000182b7800 8810       3       java.lang.Long::stringSize (38 bytes)
Event: 122.773 Thread 0x00000000182b7800 nmethod 8810 0x0000000006361690 code [0x0000000006361800, 0x0000000006361a50]
Event: 122.773 Thread 0x00000000182b7800 8811       3       java.lang.Long::getChars (221 bytes)
Event: 122.774 Thread 0x00000000182b7800 nmethod 8811 0x0000000006361b10 code [0x0000000006361ce0, 0x0000000006362350]

GC Heap History (10 events):
Event: 101.028 GC heap before
{Heap before GC invocations=22 (full 2):
 PSYoungGen      total 90624K, used 90200K [0x00000000e0000000, 0x00000000e8780000, 0x0000000100000000)
  eden space 71168K, 100% used [0x00000000e0000000,0x00000000e4580000,0x00000000e4580000)
  from space 19456K, 97% used [0x00000000e4580000,0x00000000e5816210,0x00000000e5880000)
  to   space 22016K, 0% used [0x00000000e7200000,0x00000000e7200000,0x00000000e8780000)
 ParOldGen       total 72704K, used 21727K [0x00000000a0000000, 0x00000000a4700000, 0x00000000e0000000)
  object space 72704K, 29% used [0x00000000a0000000,0x00000000a1537d60,0x00000000a4700000)
 Metaspace       used 55604K, capacity 57700K, committed 57944K, reserved 1099776K
  class space    used 7637K, capacity 8239K, committed 8320K, reserved 1048576K
Event: 101.088 GC heap after
Heap after GC invocations=22 (full 2):
 PSYoungGen      total 111104K, used 22016K [0x00000000e0000000, 0x00000000e9180000, 0x0000000100000000)
  eden space 89088K, 0% used [0x00000000e0000000,0x00000000e0000000,0x00000000e5700000)
  from space 22016K, 100% used [0x00000000e7200000,0x00000000e8780000,0x00000000e8780000)
  to   space 27648K, 0% used [0x00000000e5700000,0x00000000e5700000,0x00000000e7200000)
 ParOldGen       total 72704K, used 27155K [0x00000000a0000000, 0x00000000a4700000, 0x00000000e0000000)
  object space 72704K, 37% used [0x00000000a0000000,0x00000000a1a84f80,0x00000000a4700000)
 Metaspace       used 55604K, capacity 57700K, committed 57944K, reserved 1099776K
  class space    used 7637K, capacity 8239K, committed 8320K, reserved 1048576K
}
Event: 112.603 GC heap before
{Heap before GC invocations=23 (full 2):
 PSYoungGen      total 111104K, used 111104K [0x00000000e0000000, 0x00000000e9180000, 0x0000000100000000)
  eden space 89088K, 100% used [0x00000000e0000000,0x00000000e5700000,0x00000000e5700000)
  from space 22016K, 100% used [0x00000000e7200000,0x00000000e8780000,0x00000000e8780000)
  to   space 27648K, 0% used [0x00000000e5700000,0x00000000e5700000,0x00000000e7200000)
 ParOldGen       total 72704K, used 27155K [0x00000000a0000000, 0x00000000a4700000, 0x00000000e0000000)
  object space 72704K, 37% used [0x00000000a0000000,0x00000000a1a84f80,0x00000000a4700000)
 Metaspace       used 56381K, capacity 58458K, committed 58712K, reserved 1099776K
  class space    used 7696K, capacity 8274K, committed 8320K, reserved 1048576K
Event: 112.640 GC heap after
Heap after GC invocations=23 (full 2):
 PSYoungGen      total 116736K, used 25241K [0x00000000e0000000, 0x00000000ead00000, 0x0000000100000000)
  eden space 89088K, 0% used [0x00000000e0000000,0x00000000e0000000,0x00000000e5700000)
  from space 27648K, 91% used [0x00000000e5700000,0x00000000e6fa6440,0x00000000e7200000)
  to   space 30720K, 0% used [0x00000000e8f00000,0x00000000e8f00000,0x00000000ead00000)
 ParOldGen       total 72704K, used 28294K [0x00000000a0000000, 0x00000000a4700000, 0x00000000e0000000)
  object space 72704K, 38% used [0x00000000a0000000,0x00000000a1ba1a48,0x00000000a4700000)
 Metaspace       used 56381K, capacity 58458K, committed 58712K, reserved 1099776K
  class space    used 7696K, capacity 8274K, committed 8320K, reserved 1048576K
}
Event: 119.117 GC heap before
{Heap before GC invocations=24 (full 2):
 PSYoungGen      total 116736K, used 114329K [0x00000000e0000000, 0x00000000ead00000, 0x0000000100000000)
  eden space 89088K, 100% used [0x00000000e0000000,0x00000000e5700000,0x00000000e5700000)
  from space 27648K, 91% used [0x00000000e5700000,0x00000000e6fa6440,0x00000000e7200000)
  to   space 30720K, 0% used [0x00000000e8f00000,0x00000000e8f00000,0x00000000ead00000)
 ParOldGen       total 72704K, used 28294K [0x00000000a0000000, 0x00000000a4700000, 0x00000000e0000000)
  object space 72704K, 38% used [0x00000000a0000000,0x00000000a1ba1a48,0x00000000a4700000)
 Metaspace       used 56558K, capacity 58740K, committed 58968K, reserved 1099776K
  class space    used 7703K, capacity 8279K, committed 8320K, reserved 1048576K
Event: 119.149 GC heap after
Heap after GC invocations=24 (full 2):
 PSYoungGen      total 141312K, used 13472K [0x00000000e0000000, 0x00000000ea900000, 0x0000000100000000)
  eden space 114688K, 0% used [0x00000000e0000000,0x00000000e0000000,0x00000000e7000000)
  from space 26624K, 50% used [0x00000000e8f00000,0x00000000e9c28000,0x00000000ea900000)
  to   space 29184K, 0% used [0x00000000e7000000,0x00000000e7000000,0x00000000e8c80000)
 ParOldGen       total 72704K, used 40344K [0x00000000a0000000, 0x00000000a4700000, 0x00000000e0000000)
  object space 72704K, 55% used [0x00000000a0000000,0x00000000a27662c8,0x00000000a4700000)
 Metaspace       used 56558K, capacity 58740K, committed 58968K, reserved 1099776K
  class space    used 7703K, capacity 8279K, committed 8320K, reserved 1048576K
}
Event: 121.355 GC heap before
{Heap before GC invocations=25 (full 2):
 PSYoungGen      total 141312K, used 42652K [0x00000000e0000000, 0x00000000ea900000, 0x0000000100000000)
  eden space 114688K, 25% used [0x00000000e0000000,0x00000000e1c7f3e8,0x00000000e7000000)
  from space 26624K, 50% used [0x00000000e8f00000,0x00000000e9c28000,0x00000000ea900000)
  to   space 29184K, 0% used [0x00000000e7000000,0x00000000e7000000,0x00000000e8c80000)
 ParOldGen       total 72704K, used 40344K [0x00000000a0000000, 0x00000000a4700000, 0x00000000e0000000)
  object space 72704K, 55% used [0x00000000a0000000,0x00000000a27662c8,0x00000000a4700000)
 Metaspace       used 56826K, capacity 58984K, committed 59028K, reserved 1099776K
  class space    used 7746K, capacity 8338K, committed 8380K, reserved 1048576K
Event: 121.385 GC heap after
Heap after GC invocations=25 (full 2):
 PSYoungGen      total 143872K, used 1296K [0x00000000e0000000, 0x00000000eca80000, 0x0000000100000000)
  eden space 114688K, 0% used [0x00000000e0000000,0x00000000e0000000,0x00000000e7000000)
  from space 29184K, 4% used [0x00000000e7000000,0x00000000e7144020,0x00000000e8c80000)
  to   space 29696K, 0% used [0x00000000ead80000,0x00000000ead80000,0x00000000eca80000)
 ParOldGen       total 72704K, used 53141K [0x00000000a0000000, 0x00000000a4700000, 0x00000000e0000000)
  object space 72704K, 73% used [0x00000000a0000000,0x00000000a33e56d8,0x00000000a4700000)
 Metaspace       used 56826K, capacity 58984K, committed 59028K, reserved 1099776K
  class space    used 7746K, capacity 8338K, committed 8380K, reserved 1048576K
}
Event: 121.385 GC heap before
{Heap before GC invocations=26 (full 3):
 PSYoungGen      total 143872K, used 1296K [0x00000000e0000000, 0x00000000eca80000, 0x0000000100000000)
  eden space 114688K, 0% used [0x00000000e0000000,0x00000000e0000000,0x00000000e7000000)
  from space 29184K, 4% used [0x00000000e7000000,0x00000000e7144020,0x00000000e8c80000)
  to   space 29696K, 0% used [0x00000000ead80000,0x00000000ead80000,0x00000000eca80000)
 ParOldGen       total 72704K, used 53141K [0x00000000a0000000, 0x00000000a4700000, 0x00000000e0000000)
  object space 72704K, 73% used [0x00000000a0000000,0x00000000a33e56d8,0x00000000a4700000)
 Metaspace       used 56826K, capacity 58984K, committed 59028K, reserved 1099776K
  class space    used 7746K, capacity 8338K, committed 8380K, reserved 1048576K
Event: 122.193 GC heap after
Heap after GC invocations=26 (full 3):
 PSYoungGen      total 143872K, used 0K [0x00000000e0000000, 0x00000000eca80000, 0x0000000100000000)
  eden space 114688K, 0% used [0x00000000e0000000,0x00000000e0000000,0x00000000e7000000)
  from space 29184K, 0% used [0x00000000e7000000,0x00000000e7000000,0x00000000e8c80000)
  to   space 29696K, 0% used [0x00000000ead80000,0x00000000ead80000,0x00000000eca80000)
 ParOldGen       total 129536K, used 51898K [0x00000000a0000000, 0x00000000a7e80000, 0x00000000e0000000)
  object space 129536K, 40% used [0x00000000a0000000,0x00000000a32aeb70,0x00000000a7e80000)
 Metaspace       used 56826K, capacity 58984K, committed 59028K, reserved 1099776K
  class space    used 7746K, capacity 8338K, committed 8380K, reserved 1048576K
}

Deoptimization events (10 events):
Event: 121.308 Thread 0x000000001ad6a800 Uncommon trap: reason=class_check action=maybe_recompile pc=0x000000000602c804 method=java.io.ObjectOutputStream$BlockDataOutputStream.drain()V @ 36
Event: 121.308 Thread 0x000000001ad6a800 Uncommon trap: reason=class_check action=maybe_recompile pc=0x00000000060456fc method=java.io.ObjectOutputStream.writeNonProxyDesc(Ljava/io/ObjectStreamClass;Z)V @ 44
Event: 121.308 Thread 0x000000001ad6a800 Uncommon trap: reason=class_check action=maybe_recompile pc=0x000000000602c804 method=java.io.ObjectOutputStream$BlockDataOutputStream.drain()V @ 36
Event: 121.308 Thread 0x000000001ad6a800 Uncommon trap: reason=class_check action=maybe_recompile pc=0x000000000602c804 method=java.io.ObjectOutputStream$BlockDataOutputStream.drain()V @ 36
Event: 121.308 Thread 0x000000001ad6a800 Uncommon trap: reason=class_check action=maybe_recompile pc=0x00000000060456fc method=java.io.ObjectOutputStream.writeNonProxyDesc(Ljava/io/ObjectStreamClass;Z)V @ 44
Event: 121.310 Thread 0x000000001ad6a800 Uncommon trap: reason=unstable_if action=reinterpret pc=0x00000000060467c8 method=java.io.ObjectOutputStream.writeClassDesc(Ljava/io/ObjectStreamClass;Z)V @ 41
Event: 121.310 Thread 0x000000001ad6a800 Uncommon trap: reason=unstable_if action=reinterpret pc=0x000000000581321c method=java.lang.reflect.Proxy.isProxyClass(Ljava/lang/Class;)Z @ 6
Event: 121.314 Thread 0x000000001ad6a800 Uncommon trap: reason=unstable_if action=reinterpret pc=0x000000000603b848 method=java.io.ObjectOutputStream$HandleTable.assign(Ljava/lang/Object;)I @ 24
Event: 122.507 Thread 0x000000001ad6a800 Uncommon trap: reason=unstable_if action=reinterpret pc=0x00000000060981ac method=org.gradle.internal.io.StreamByteBuffer.prepareRead()I @ 30
Event: 122.616 Thread 0x000000001ad6a800 Uncommon trap: reason=unstable_if action=reinterpret pc=0x00000000061cd1cc method=org.gradle.internal.progress.DefaultBuildOperationExecutor.assertParentRunning(Ljava/lang/String;Lorg/gradle/internal/progress/BuildOperationDescriptor;Lorg/gradle/internal/

Classes redefined (0 events):
No events

Internal exceptions (10 events):
Event: 93.595 Thread 0x000000001ad6a800 Exception <a 'java/lang/ClassNotFoundException': org/jetbrains/plugins/gradle/model/AbstractExternalDependencyBeanInfo> (0x00000000e2ed4fa8) thrown at [D:\src\AOSP-openjdk-cygwin\jdk8u\hotspot\src\share\vm\classfile\systemDictionary.cpp, line 210]
Event: 93.596 Thread 0x000000001ad6a800 Exception <a 'java/lang/ClassNotFoundException': org/jetbrains/plugins/gradle/model/AbstractExternalDependencyCustomizer> (0x00000000e2ee5470) thrown at [D:\src\AOSP-openjdk-cygwin\jdk8u\hotspot\src\share\vm\classfile\systemDictionary.cpp, line 210]
Event: 93.597 Thread 0x000000001ad6a800 Exception <a 'java/lang/ClassNotFoundException': org/jetbrains/plugins/gradle/model/DefaultExternalLibraryDependencyCustomizer> (0x00000000e2f12bc8) thrown at [D:\src\AOSP-openjdk-cygwin\jdk8u\hotspot\src\share\vm\classfile\systemDictionary.cpp, line 210]
Event: 93.606 Thread 0x000000001ad6a800 Exception <a 'java/lang/ClassNotFoundException': org/gradle/api/internal/artifacts/result/DefaultResolvedArtifactResultBeanInfo> (0x00000000e2f93a18) thrown at [D:\src\AOSP-openjdk-cygwin\jdk8u\hotspot\src\share\vm\classfile\systemDictionary.cpp, line 210
Event: 93.607 Thread 0x000000001ad6a800 Exception <a 'java/lang/ClassNotFoundException': org/gradle/api/internal/artifacts/result/DefaultResolvedArtifactResultCustomizer> (0x00000000e2fbe500) thrown at [D:\src\AOSP-openjdk-cygwin\jdk8u\hotspot\src\share\vm\classfile\systemDictionary.cpp, line 2
Event: 115.447 Thread 0x000000001ad6a800 Exception <a 'java/lang/NoSuchMethodError': java.lang.Object.lambda$negate$1(Ljava/lang/Object;)Z> (0x00000000e2253e08) thrown at [D:\src\AOSP-openjdk-cygwin\jdk8u\hotspot\src\share\vm\interpreter\linkResolver.cpp, line 584]
Event: 121.284 Thread 0x000000001ad6a800 Exception <a 'java/lang/ClassNotFoundException': java/util/CollectionsBeanInfo> (0x00000000e1a8ecf8) thrown at [D:\src\AOSP-openjdk-cygwin\jdk8u\hotspot\src\share\vm\classfile\systemDictionary.cpp, line 210]
Event: 121.284 Thread 0x000000001ad6a800 Exception <a 'java/lang/ClassNotFoundException': java/util/CollectionsCustomizer> (0x00000000e1a956b0) thrown at [D:\src\AOSP-openjdk-cygwin\jdk8u\hotspot\src\share\vm\classfile\systemDictionary.cpp, line 210]
Event: 122.616 Thread 0x000000001ad6a800 Implicit null exception at 0x00000000061cd16c to 0x00000000061cd1b5
Event: 122.810 Thread 0x000000001ad6a800 Exception <a 'sun/nio/fs/WindowsException'> (0x00000000e065bf10) thrown at [D:\src\AOSP-openjdk-cygwin\jdk8u\hotspot\src\share\vm\prims\jni.cpp, line 709]

Events (10 events):
Event: 122.834 loading class com/google/protobuf/CodedOutputStream$NioHeapEncoder
Event: 122.834 loading class com/google/protobuf/CodedOutputStream$NioHeapEncoder done
Event: 122.835 loading class com/google/protobuf/CodedOutputStream$ArrayEncoder
Event: 122.835 loading class com/google/protobuf/CodedOutputStream$ArrayEncoder done
Event: 122.840 loading class com/google/protobuf/CodedOutputStream$NioEncoder
Event: 122.840 loading class com/google/protobuf/CodedOutputStream$NioEncoder done
Event: 122.841 loading class com/google/protobuf/CodedOutputStream$ByteOutputEncoder
Event: 122.841 loading class com/google/protobuf/CodedOutputStream$ByteOutputEncoder done
Event: 122.845 loading class com/google/protobuf/CodedOutputStream$AbstractBufferedEncoder
Event: 122.845 loading class com/google/protobuf/CodedOutputStream$AbstractBufferedEncoder done


Dynamic libraries:
0x00007ff7e4d90000 - 0x00007ff7e4dc1000 	E:\Tools\Android\jre\bin\java.exe
0x00007ffc6ff10000 - 0x00007ffc700f0000 	C:\WINDOWS\SYSTEM32\ntdll.dll
0x00007ffc6f770000 - 0x00007ffc6f81e000 	C:\WINDOWS\System32\KERNEL32.DLL
0x00007ffc6c980000 - 0x00007ffc6cbe6000 	C:\WINDOWS\System32\KERNELBASE.dll
0x00007ffc6d650000 - 0x00007ffc6d6f1000 	C:\WINDOWS\System32\ADVAPI32.dll
0x00007ffc6dc80000 - 0x00007ffc6dd1d000 	C:\WINDOWS\System32\msvcrt.dll
0x00007ffc6d720000 - 0x00007ffc6d77b000 	C:\WINDOWS\System32\sechost.dll
0x00007ffc6fc80000 - 0x00007ffc6fd9f000 	C:\WINDOWS\System32\RPCRT4.dll
0x00007ffc6d780000 - 0x00007ffc6d90f000 	C:\WINDOWS\System32\USER32.dll
0x00007ffc6c6e0000 - 0x00007ffc6c700000 	C:\WINDOWS\System32\win32u.dll
0x00007ffc6f540000 - 0x00007ffc6f568000 	C:\WINDOWS\System32\GDI32.dll
0x00007ffc6c370000 - 0x00007ffc6c503000 	C:\WINDOWS\System32\gdi32full.dll
0x00007ffc6cbf0000 - 0x00007ffc6cc8b000 	C:\WINDOWS\System32\msvcp_win.dll
0x00007ffc6c700000 - 0x00007ffc6c7f6000 	C:\WINDOWS\System32\ucrtbase.dll
0x00007ffc5bc00000 - 0x00007ffc5be69000 	C:\WINDOWS\WinSxS\amd64_microsoft.windows.common-controls_6595b64144ccf1df_6.0.16299.371_none_15c7d1789365a290\COMCTL32.dll
0x00007ffc6d910000 - 0x00007ffc6dc18000 	C:\WINDOWS\System32\combase.dll
0x00007ffc6c900000 - 0x00007ffc6c972000 	C:\WINDOWS\System32\bcryptPrimitives.dll
0x00007ffc6fe40000 - 0x00007ffc6fe6d000 	C:\WINDOWS\System32\IMM32.DLL
0x000000006cc60000 - 0x000000006cd32000 	E:\Tools\Android\jre\jre\bin\msvcr100.dll
0x000000006b780000 - 0x000000006bfbe000 	E:\Tools\Android\jre\jre\bin\server\jvm.dll
0x00007ffc6f760000 - 0x00007ffc6f768000 	C:\WINDOWS\System32\PSAPI.DLL
0x00007ffc6b280000 - 0x00007ffc6b289000 	C:\WINDOWS\SYSTEM32\WSOCK32.dll
0x00007ffc5b990000 - 0x00007ffc5b9b3000 	C:\WINDOWS\SYSTEM32\WINMM.dll
0x00007ffc6fe70000 - 0x00007ffc6fedc000 	C:\WINDOWS\System32\WS2_32.dll
0x00007ffc62810000 - 0x00007ffc6281a000 	C:\WINDOWS\SYSTEM32\VERSION.dll
0x00007ffc5b960000 - 0x00007ffc5b98a000 	C:\WINDOWS\SYSTEM32\WINMMBASE.dll
0x00007ffc6c800000 - 0x00007ffc6c84a000 	C:\WINDOWS\System32\cfgmgr32.dll
0x00007ffc67760000 - 0x00007ffc6776f000 	E:\Tools\Android\jre\jre\bin\verify.dll
0x00007ffc49a00000 - 0x00007ffc49a29000 	E:\Tools\Android\jre\jre\bin\java.dll
0x00007ffc63030000 - 0x00007ffc63046000 	E:\Tools\Android\jre\jre\bin\zip.dll
0x00007ffc6e100000 - 0x00007ffc6f536000 	C:\WINDOWS\System32\SHELL32.dll
0x00007ffc6dea0000 - 0x00007ffc6df46000 	C:\WINDOWS\System32\shcore.dll
0x00007ffc6cc90000 - 0x00007ffc6d3d7000 	C:\WINDOWS\System32\windows.storage.dll
0x00007ffc6e0a0000 - 0x00007ffc6e0f1000 	C:\WINDOWS\System32\shlwapi.dll
0x00007ffc6c280000 - 0x00007ffc6c291000 	C:\WINDOWS\System32\kernel.appcore.dll
0x00007ffc6c2a0000 - 0x00007ffc6c2ec000 	C:\WINDOWS\System32\powrprof.dll
0x00007ffc6c2f0000 - 0x00007ffc6c30b000 	C:\WINDOWS\System32\profapi.dll
0x00007ffc5c390000 - 0x00007ffc5c3aa000 	E:\Tools\Android\jre\jre\bin\net.dll
0x00007ffc6ba90000 - 0x00007ffc6baf6000 	C:\WINDOWS\system32\mswsock.dll
0x00007ffc5c370000 - 0x00007ffc5c381000 	E:\Tools\Android\jre\jre\bin\nio.dll
0x00007ffc68270000 - 0x00007ffc6828e000 	C:\Users\PC\.gradle\native\25\windows-amd64\native-platform.dll
0x00007ffc50a20000 - 0x00007ffc50a2d000 	E:\Tools\Android\jre\jre\bin\management.dll
0x00007ffc6bc50000 - 0x00007ffc6bc67000 	C:\WINDOWS\SYSTEM32\CRYPTSP.dll
0x00007ffc6b690000 - 0x00007ffc6b6c3000 	C:\WINDOWS\system32\rsaenh.dll
0x00007ffc6bd60000 - 0x00007ffc6bd85000 	C:\WINDOWS\SYSTEM32\bcrypt.dll
0x00007ffc6c160000 - 0x00007ffc6c189000 	C:\WINDOWS\SYSTEM32\USERENV.dll
0x00007ffc6bc70000 - 0x00007ffc6bc7b000 	C:\WINDOWS\SYSTEM32\CRYPTBASE.dll
0x00007ffc6b820000 - 0x00007ffc6b859000 	C:\WINDOWS\SYSTEM32\IPHLPAPI.DLL
0x00007ffc6fc70000 - 0x00007ffc6fc78000 	C:\WINDOWS\System32\NSI.dll
0x00007ffc653d0000 - 0x00007ffc653e6000 	C:\WINDOWS\SYSTEM32\dhcpcsvc6.DLL
0x00007ffc65280000 - 0x00007ffc6529a000 	C:\WINDOWS\SYSTEM32\dhcpcsvc.DLL

VM Arguments:
jvm_args: -Xmx1536m -Dfile.encoding=windows-1252 -Duser.country=US -Duser.language=en -Duser.variant 
java_command: org.gradle.launcher.daemon.bootstrap.GradleDaemon 4.1
java_class_path (initial): C:\Users\PC\.gradle\wrapper\dists\gradle-4.1-all\bzyivzo6n839fup2jbap0tjew\gradle-4.1\lib\gradle-launcher-4.1.jar
Launcher Type: SUN_STANDARD

Environment Variables:
JAVA_HOME=C:\Program Files\Java\jdk1.8.0_131
PATH=C:\Program Files\Docker\Docker\Resources\bin;C:\ProgramData\Oracle\Java\javapath;C:\WINDOWS\system32;C:\WINDOWS;C:\WINDOWS\System32\Wbem;C:\WINDOWS\System32\WindowsPowerShell\v1.0\;C:\Python27;C:\Program Files\Java\jdk1.8.0_131\bin;C:\Python27\Scripts;C:\Program Files\nodejs\;C:\Program Files\Git\cmd;C:\Program Files\PostgreSQL\9.6\bin;C:\Program Files (x86)\Skype\Phone\;C:\Python36;C:\Python36\Scripts;C:\xampp\php;C:\ProgramData\ComposerSetup\bin;C:\Program Files (x86)\Vim\vim74;C:\xampp\mysql\bin;C:\Program Files (x86)\Microsoft SQL Server\140\Tools\Binn\;C:\Program Files\Microsoft SQL Server\Client SDK\ODBC\130\Tools\Binn\;C:\Program Files\Microsoft SQL Server\140\Tools\Binn\;C:\Program Files\Microsoft SQL Server\140\DTS\Binn\;C:\Program Files\Microsoft SQL Server\130\Tools\Binn\;D:\Tools\MySQL\mysql-5.7.20-winx64\bin;E:\Tools\Sublime text 3\Sublime Text 3;C:\Users\PC\AppData\Local\Android\Sdk;C:\Users\PC\AppData\Local\Android\sdk\platform-tools;C:\Program Files\dotnet\;C:\Program Files (x86)\Microsoft SQL Server\Client SDK\ODBC\130\Tools\Binn\;C:\Program Files (x86)\Microsoft SQL Server\140\DTS\Binn\;C:\Program Files (x86)\Microsoft SQL Server\140\Tools\Binn\ManagementStudio\;C:\Program Files\Apache\apache-maven-3.5.2\bin;C:\Users\PC\AppData\Local\Microsoft\WindowsApps;C:\Users\PC\AppData\Roaming\npm;C:\Program Files\Heroku\bin;C:\Users\PC\AppData\Local\GitHubDesktop\bin;C:\Users\PC\AppData\Roaming\Composer\vendor\bin;C:\Program Files (x86)\Microsoft VS Code\bin;C:\Users\PC\AppData\Local\Microsoft\WindowsApps;
USERNAME=Ha Truong
OS=Windows_NT
PROCESSOR_IDENTIFIER=Intel64 Family 6 Model 61 Stepping 4, GenuineIntel



---------------  S Y S T E M  ---------------

OS: Windows 10.0 , 64 bit Build 16299 (10.0.16299.15)

CPU:total 4 (initial active 4) (2 cores per cpu, 2 threads per core) family 6 model 61 stepping 4, cmov, cx8, fxsr, mmx, sse, sse2, sse3, ssse3, sse4.1, sse4.2, popcnt, avx, avx2, aes, clmul, erms, 3dnowpref, lzcnt, ht, tsc, tscinvbit, bmi1, bmi2, adx

Memory: 4k page, physical 8286316k(1007484k free), swap 12480620k(5304k free)

vm_info: OpenJDK 64-Bit Server VM (25.152-b01) for windows-amd64 JRE (1.8.0_152-release-915-b01), built by "builder" with MS VC++ 10.0 (VS2010)

time: Mon Apr 16 09:28:49 2018
elapsed time: 122 seconds (0d 0h 2m 2s)

